生成启动时间为 2015/12/3 13:48:16。
     1>项目“C:\Github working\Mutual-Information\互信息校准测试\互信息校准测试\互信息校准测试.vcxproj”在节点 2 上(Rebuild 个目标)。
       项目文件包含 ToolsVersion="12.0"。此工具集可能未知或缺失。在这种情况下，通过安装 MSBuild 的正确版本，或许可以解决此问题。否则，该 build 可能已因策略原因而被强制为某个特定 ToolsVersion。将该项目视为其已具有 ToolsVersion="4.0"。有关详细信息，请参阅 http://go.microsoft.com/fwlink/?LinkId=291333。
     1>ClCompile:
         C:\Program Files (x86)\Microsoft Visual Studio 11.0\VC\bin\CL.exe /c /ZI /nologo /W3 /WX- /sdl /Od /Oy- /D WIN32 /D _WINDOWS /D _DEBUG /D _CRT_SECURE_NO_WARNINGS /D _AFXDLL /Gm /EHsc /RTC1 /MDd /GS /fp:precise /Zc:wchar_t /Zc:forScope /Yc"stdafx.h" /Fp"Debug\互信息校准测试.pch" /Fo"Debug\\" /Fd"Debug\vc110.pdb" /Gd /TP /analyze- /errorReport:prompt stdafx.cpp
         stdafx.cpp
         C:\Program Files (x86)\Microsoft Visual Studio 11.0\VC\bin\CL.exe /c /ZI /nologo /W3 /WX- /sdl /Od /Oy- /D WIN32 /D _WINDOWS /D _DEBUG /D _CRT_SECURE_NO_WARNINGS /D _AFXDLL /Gm /EHsc /RTC1 /MDd /GS /fp:precise /Zc:wchar_t /Zc:forScope /Yu"stdafx.h" /Fp"Debug\互信息校准测试.pch" /Fo"Debug\\" /Fd"Debug\vc110.pdb" /Gd /TP /analyze- /errorReport:prompt CvvImage.cpp "互信息校准测试.cpp" "互信息校准测试Dlg.cpp"
         互信息校准测试Dlg.cpp
         互信息校准测试.cpp
         CvvImage.cpp
         正在生成代码...
       ResourceCompile:
         C:\Program Files (x86)\Windows Kits\8.0\bin\x86\rc.exe /D _DEBUG /D _AFXDLL /l"0x0804" /IDebug\ /nologo /fo"Debug\互信息校准测试.res" "互信息校准测试.rc" 
       Link:
         C:\Program Files (x86)\Microsoft Visual Studio 11.0\VC\bin\link.exe /ERRORREPORT:PROMPT /OUT:"C:\Github working\Mutual-Information\互信息校准测试\Debug\互信息校准测试.exe" /INCREMENTAL /NOLOGO opencv_calib3d2411d.lib opencv_contrib2411d.lib opencv_core2411d.lib opencv_highgui2411d.lib opencv_imgproc2411d.lib /MANIFEST /MANIFESTUAC:"level='asInvoker' uiAccess='false'" /manifest:embed /manifestinput:"C:\Program Files (x86)\Microsoft Visual Studio 11.0\VC\Include\Manifest\dpiaware.manifest" /DEBUG /PDB:"C:\Github working\Mutual-Information\互信息校准测试\Debug\互信息校准测试.pdb" /SUBSYSTEM:WINDOWS /TLBID:1 /DYNAMICBASE /NXCOMPAT /IMPLIB:"C:\Github working\Mutual-Information\互信息校准测试\Debug\互信息校准测试.lib" /MACHINE:X86 "Debug\互信息校准测试.res"
         Debug\CvvImage.obj
         Debug\stdafx.obj
         "Debug\互信息校准测试.obj"
         "Debug\互信息校准测试Dlg.obj"
         互信息校准测试.vcxproj -> C:\Github working\Mutual-Information\互信息校准测试\Debug\互信息校准测试.exe
     1>已完成生成项目“C:\Github working\Mutual-Information\互信息校准测试\互信息校准测试\互信息校准测试.vcxproj”(Rebuild 个目标)的操作。

生成成功。

已用时间 00:00:17.50
