E:\HERBERT PROJECT\GITHUB PROJECT\MUTUAL-INFORMATION\互信息校准测试\互信息校准测试\DEBUG\互信息校准测试.PCH
E:\HERBERT PROJECT\GITHUB PROJECT\MUTUAL-INFORMATION\互信息校准测试\互信息校准测试\DEBUG\STDAFX.OBJ
E:\HERBERT PROJECT\GITHUB PROJECT\MUTUAL-INFORMATION\互信息校准测试\互信息校准测试\DEBUG\VC110.PDB
E:\HERBERT PROJECT\GITHUB PROJECT\MUTUAL-INFORMATION\互信息校准测试\互信息校准测试\DEBUG\CVVIMAGE.OBJ
E:\HERBERT PROJECT\GITHUB PROJECT\MUTUAL-INFORMATION\互信息校准测试\互信息校准测试\DEBUG\互信息校准测试.OBJ
E:\HERBERT PROJECT\GITHUB PROJECT\MUTUAL-INFORMATION\互信息校准测试\互信息校准测试\DEBUG\互信息校准测试DLG.OBJ
E:\HERBERT PROJECT\GITHUB PROJECT\MUTUAL-INFORMATION\互信息校准测试\DEBUG\互信息校准测试.ILK
E:\HERBERT PROJECT\GITHUB PROJECT\MUTUAL-INFORMATION\互信息校准测试\DEBUG\互信息校准测试.EXE
E:\HERBERT PROJECT\GITHUB PROJECT\MUTUAL-INFORMATION\互信息校准测试\DEBUG\互信息校准测试.PDB
E:\HERBERT PROJECT\GITHUB PROJECT\MUTUAL-INFORMATION\互信息校准测试\互信息校准测试\DEBUG\互信息校准测试.RES
E:\Herbert Project\GitHub Project\Mutual-Information\互信息校准测试\互信息校准测试\Debug\CvvImage.obj
E:\Herbert Project\GitHub Project\Mutual-Information\互信息校准测试\互信息校准测试\Debug\stdafx.obj
E:\Herbert Project\GitHub Project\Mutual-Information\互信息校准测试\互信息校准测试\Debug\互信息校准测试.obj
E:\Herbert Project\GitHub Project\Mutual-Information\互信息校准测试\互信息校准测试\Debug\互信息校准测试Dlg.obj
E:\Herbert Project\GitHub Project\Mutual-Information\互信息校准测试\互信息校准测试\Debug\cl.command.1.tlog
E:\Herbert Project\GitHub Project\Mutual-Information\互信息校准测试\互信息校准测试\Debug\CL.read.1.tlog
E:\Herbert Project\GitHub Project\Mutual-Information\互信息校准测试\互信息校准测试\Debug\CL.write.1.tlog
E:\Herbert Project\GitHub Project\Mutual-Information\互信息校准测试\互信息校准测试\Debug\link-cvtres.read.1.tlog
E:\Herbert Project\GitHub Project\Mutual-Information\互信息校准测试\互信息校准测试\Debug\link-cvtres.write.1.tlog
E:\Herbert Project\GitHub Project\Mutual-Information\互信息校准测试\互信息校准测试\Debug\link-mt.read.1.tlog
E:\Herbert Project\GitHub Project\Mutual-Information\互信息校准测试\互信息校准测试\Debug\link-mt.write.1.tlog
E:\Herbert Project\GitHub Project\Mutual-Information\互信息校准测试\互信息校准测试\Debug\link-rc.read.1.tlog
E:\Herbert Project\GitHub Project\Mutual-Information\互信息校准测试\互信息校准测试\Debug\link-rc.write.1.tlog
E:\Herbert Project\GitHub Project\Mutual-Information\互信息校准测试\互信息校准测试\Debug\link.command.1.tlog
E:\Herbert Project\GitHub Project\Mutual-Information\互信息校准测试\互信息校准测试\Debug\link.read.1.tlog
E:\Herbert Project\GitHub Project\Mutual-Information\互信息校准测试\互信息校准测试\Debug\link.write.1.tlog
E:\Herbert Project\GitHub Project\Mutual-Information\互信息校准测试\互信息校准测试\Debug\rc.command.1.tlog
E:\Herbert Project\GitHub Project\Mutual-Information\互信息校准测试\互信息校准测试\Debug\rc.read.1.tlog
E:\Herbert Project\GitHub Project\Mutual-Information\互信息校准测试\互信息校准测试\Debug\rc.write.1.tlog
E:\Herbert Project\GitHub Project\Mutual-Information\互信息校准测试\互信息校准测试\Debug\互信息校准测试.res
E:\Herbert Project\GitHub Project\Mutual-Information\互信息校准测试\互信息校准测试\Debug\互信息校准测试.pch
E:\Herbert Project\GitHub Project\Mutual-Information\互信息校准测试\互信息校准测试\Debug\vc110.idb
E:\Herbert Project\GitHub Project\Mutual-Information\互信息校准测试\互信息校准测试\Debug\vc110.pdb
E:\Herbert Project\GitHub Project\Mutual-Information\互信息校准测试\Debug\互信息校准测试.pdb
E:\Herbert Project\GitHub Project\Mutual-Information\互信息校准测试\Debug\互信息校准测试.exe
E:\Herbert Project\GitHub Project\Mutual-Information\互信息校准测试\Debug\互信息校准测试.ilk
